<?xml version="1.0" encoding="UTF-8"?>
<testsuite xmlns:xsi="http://www.w3.org/2001/XMLSchema-instance" xsi:noNamespaceSchemaLocation="https://maven.apache.org/surefire/maven-surefire-plugin/xsd/surefire-test-report.xsd" name="com.athen.AppTest" time="0.027" tests="1" errors="0" skipped="0" failures="0">
  <properties>
    <property name="gopherProxySet" value="false"/>
    <property name="awt.toolkit" value="sun.lwawt.macosx.LWCToolkit"/>
    <property name="file.encoding.pkg" value="sun.io"/>
    <property name="java.specification.version" value="1.8"/>
    <property name="sun.cpu.isalist" value=""/>
    <property name="sun.jnu.encoding" value="UTF-8"/>
    <property name="java.class.path" value="/Users/chenying/gitCode/athen/module/base/athen-base-redis/target/test-classes:/Users/chenying/gitCode/athen/module/base/athen-base-redis/target/classes:/Users/chenying/.m2/repository/junit/junit/4.12/junit-4.12.jar:/Users/chenying/.m2/repository/org/hamcrest/hamcrest-core/1.3/hamcrest-core-1.3.jar:/Users/chenying/gitCode/athen/module/base/athen-base-core/target/athen-base-core-0.0.1-SNAPSHOT.jar:/Users/chenying/.m2/repository/cglib/cglib/3.2.12/cglib-3.2.12.jar:/Users/chenying/.m2/repository/org/ow2/asm/asm/7.1/asm-7.1.jar:/Users/chenying/.m2/repository/org/apache/commons/commons-lang3/3.4/commons-lang3-3.4.jar:/Users/chenying/.m2/repository/com/google/guava/guava/19.0/guava-19.0.jar:/Users/chenying/.m2/repository/commons-fileupload/commons-fileupload/1.3.1/commons-fileupload-1.3.1.jar:/Users/chenying/.m2/repository/commons-io/commons-io/2.2/commons-io-2.2.jar:/Users/chenying/.m2/repository/com/github/miemiedev/mybatis-paginator/1.2.15/mybatis-paginator-1.2.15.jar:/Users/chenying/.m2/repository/org/mybatis/mybatis/3.1.0/mybatis-3.1.0.jar:/Users/chenying/.m2/repository/org/projectlombok/lombok/1.16.22/lombok-1.16.22.jar:/Users/chenying/.m2/repository/org/slf4j/slf4j-api/1.7.25/slf4j-api-1.7.25.jar:/Users/chenying/.m2/repository/commons-codec/commons-codec/1.10/commons-codec-1.10.jar:/Users/chenying/gitCode/athen/module/base/athen-base-config/athen-config-client/target/athen-config-client-0.0.1-SNAPSHOT.jar:/Users/chenying/gitCode/athen/module/base/athen-base-exception/target/athen-base-exception-0.0.1-SNAPSHOT.jar:/Users/chenying/.m2/repository/org/springframework/cloud/spring-cloud-starter-config/2.0.5.RELEASE/spring-cloud-starter-config-2.0.5.RELEASE.jar:/Users/chenying/.m2/repository/org/springframework/cloud/spring-cloud-starter/2.0.4.RELEASE/spring-cloud-starter-2.0.4.RELEASE.jar:/Users/chenying/.m2/repository/org/springframework/cloud/spring-cloud-context/2.0.4.RELEASE/spring-cloud-context-2.0.4.RELEASE.jar:/Users/chenying/.m2/repository/org/springframework/security/spring-security-crypto/5.0.11.RELEASE/spring-security-crypto-5.0.11.RELEASE.jar:/Users/chenying/.m2/repository/org/springframework/cloud/spring-cloud-commons/2.0.4.RELEASE/spring-cloud-commons-2.0.4.RELEASE.jar:/Users/chenying/.m2/repository/org/springframework/security/spring-security-rsa/1.0.7.RELEASE/spring-security-rsa-1.0.7.RELEASE.jar:/Users/chenying/.m2/repository/org/bouncycastle/bcpkix-jdk15on/1.60/bcpkix-jdk15on-1.60.jar:/Users/chenying/.m2/repository/org/bouncycastle/bcprov-jdk15on/1.60/bcprov-jdk15on-1.60.jar:/Users/chenying/.m2/repository/org/springframework/cloud/spring-cloud-config-client/2.0.5.RELEASE/spring-cloud-config-client-2.0.5.RELEASE.jar:/Users/chenying/.m2/repository/org/springframework/spring-web/5.0.12.RELEASE/spring-web-5.0.12.RELEASE.jar:/Users/chenying/.m2/repository/com/fasterxml/jackson/core/jackson-databind/2.9.8/jackson-databind-2.9.8.jar:/Users/chenying/.m2/repository/com/fasterxml/jackson/core/jackson-annotations/2.9.0/jackson-annotations-2.9.0.jar:/Users/chenying/.m2/repository/com/fasterxml/jackson/core/jackson-core/2.9.8/jackson-core-2.9.8.jar:/Users/chenying/.m2/repository/org/springframework/boot/spring-boot-starter-data-redis/2.0.8.RELEASE/spring-boot-starter-data-redis-2.0.8.RELEASE.jar:/Users/chenying/.m2/repository/org/springframework/boot/spring-boot-starter/2.0.8.RELEASE/spring-boot-starter-2.0.8.RELEASE.jar:/Users/chenying/.m2/repository/org/springframework/boot/spring-boot/2.0.8.RELEASE/spring-boot-2.0.8.RELEASE.jar:/Users/chenying/.m2/repository/org/springframework/spring-context/5.0.12.RELEASE/spring-context-5.0.12.RELEASE.jar:/Users/chenying/.m2/repository/org/springframework/spring-expression/5.0.12.RELEASE/spring-expression-5.0.12.RELEASE.jar:/Users/chenying/.m2/repository/org/springframework/boot/spring-boot-autoconfigure/2.0.8.RELEASE/spring-boot-autoconfigure-2.0.8.RELEASE.jar:/Users/chenying/.m2/repository/org/springframework/boot/spring-boot-starter-logging/2.0.8.RELEASE/spring-boot-starter-logging-2.0.8.RELEASE.jar:/Users/chenying/.m2/repository/ch/qos/logback/logback-classic/1.2.3/logback-classic-1.2.3.jar:/Users/chenying/.m2/repository/ch/qos/logback/logback-core/1.2.3/logback-core-1.2.3.jar:/Users/chenying/.m2/repository/org/apache/logging/log4j/log4j-to-slf4j/2.10.0/log4j-to-slf4j-2.10.0.jar:/Users/chenying/.m2/repository/org/apache/logging/log4j/log4j-api/2.10.0/log4j-api-2.10.0.jar:/Users/chenying/.m2/repository/org/slf4j/jul-to-slf4j/1.7.25/jul-to-slf4j-1.7.25.jar:/Users/chenying/.m2/repository/javax/annotation/javax.annotation-api/1.3.2/javax.annotation-api-1.3.2.jar:/Users/chenying/.m2/repository/org/springframework/spring-core/5.0.12.RELEASE/spring-core-5.0.12.RELEASE.jar:/Users/chenying/.m2/repository/org/springframework/spring-jcl/5.0.12.RELEASE/spring-jcl-5.0.12.RELEASE.jar:/Users/chenying/.m2/repository/org/yaml/snakeyaml/1.19/snakeyaml-1.19.jar:/Users/chenying/.m2/repository/org/springframework/data/spring-data-redis/2.0.13.RELEASE/spring-data-redis-2.0.13.RELEASE.jar:/Users/chenying/.m2/repository/org/springframework/data/spring-data-keyvalue/2.0.13.RELEASE/spring-data-keyvalue-2.0.13.RELEASE.jar:/Users/chenying/.m2/repository/org/springframework/data/spring-data-commons/2.0.13.RELEASE/spring-data-commons-2.0.13.RELEASE.jar:/Users/chenying/.m2/repository/org/springframework/spring-tx/5.0.12.RELEASE/spring-tx-5.0.12.RELEASE.jar:/Users/chenying/.m2/repository/org/springframework/spring-beans/5.0.12.RELEASE/spring-beans-5.0.12.RELEASE.jar:/Users/chenying/.m2/repository/org/springframework/spring-oxm/5.0.12.RELEASE/spring-oxm-5.0.12.RELEASE.jar:/Users/chenying/.m2/repository/org/springframework/spring-aop/5.0.12.RELEASE/spring-aop-5.0.12.RELEASE.jar:/Users/chenying/.m2/repository/org/springframework/spring-context-support/5.0.12.RELEASE/spring-context-support-5.0.12.RELEASE.jar:/Users/chenying/.m2/repository/io/lettuce/lettuce-core/5.0.5.RELEASE/lettuce-core-5.0.5.RELEASE.jar:/Users/chenying/.m2/repository/io/projectreactor/reactor-core/3.1.14.RELEASE/reactor-core-3.1.14.RELEASE.jar:/Users/chenying/.m2/repository/org/reactivestreams/reactive-streams/1.0.2/reactive-streams-1.0.2.jar:/Users/chenying/.m2/repository/io/netty/netty-common/4.1.31.Final/netty-common-4.1.31.Final.jar:/Users/chenying/.m2/repository/io/netty/netty-transport/4.1.31.Final/netty-transport-4.1.31.Final.jar:/Users/chenying/.m2/repository/io/netty/netty-buffer/4.1.31.Final/netty-buffer-4.1.31.Final.jar:/Users/chenying/.m2/repository/io/netty/netty-resolver/4.1.31.Final/netty-resolver-4.1.31.Final.jar:/Users/chenying/.m2/repository/io/netty/netty-handler/4.1.31.Final/netty-handler-4.1.31.Final.jar:/Users/chenying/.m2/repository/io/netty/netty-codec/4.1.31.Final/netty-codec-4.1.31.Final.jar:/Users/chenying/.m2/repository/redis/clients/jedis/2.9.1/jedis-2.9.1.jar:/Users/chenying/.m2/repository/org/apache/commons/commons-pool2/2.5.0/commons-pool2-2.5.0.jar:"/>
    <property name="java.vm.vendor" value="Oracle Corporation"/>
    <property name="sun.arch.data.model" value="64"/>
    <property name="java.vendor.url" value="http://java.oracle.com/"/>
    <property name="user.timezone" value=""/>
    <property name="java.vm.specification.version" value="1.8"/>
    <property name="os.name" value="Mac OS X"/>
    <property name="user.country" value="CN"/>
    <property name="sun.java.launcher" value="SUN_STANDARD"/>
    <property name="sun.boot.library.path" value="/Library/Java/JavaVirtualMachines/jdk1.8.0_211.jdk/Contents/Home/jre/lib"/>
    <property name="sun.java.command" value="/Users/chenying/gitCode/athen/module/base/athen-base-redis/target/surefire/surefirebooter8691148622764574641.jar /Users/chenying/gitCode/athen/module/base/athen-base-redis/target/surefire 2020-04-25T16-35-39_971-jvmRun1 surefire8548533687877430356tmp surefire_1536595601015344662tmp"/>
    <property name="http.nonProxyHosts" value="local|*.local|169.254/16|*.169.254/16"/>
    <property name="surefire.test.class.path" value="/Users/chenying/gitCode/athen/module/base/athen-base-redis/target/test-classes:/Users/chenying/gitCode/athen/module/base/athen-base-redis/target/classes:/Users/chenying/.m2/repository/junit/junit/4.12/junit-4.12.jar:/Users/chenying/.m2/repository/org/hamcrest/hamcrest-core/1.3/hamcrest-core-1.3.jar:/Users/chenying/gitCode/athen/module/base/athen-base-core/target/athen-base-core-0.0.1-SNAPSHOT.jar:/Users/chenying/.m2/repository/cglib/cglib/3.2.12/cglib-3.2.12.jar:/Users/chenying/.m2/repository/org/ow2/asm/asm/7.1/asm-7.1.jar:/Users/chenying/.m2/repository/org/apache/commons/commons-lang3/3.4/commons-lang3-3.4.jar:/Users/chenying/.m2/repository/com/google/guava/guava/19.0/guava-19.0.jar:/Users/chenying/.m2/repository/commons-fileupload/commons-fileupload/1.3.1/commons-fileupload-1.3.1.jar:/Users/chenying/.m2/repository/commons-io/commons-io/2.2/commons-io-2.2.jar:/Users/chenying/.m2/repository/com/github/miemiedev/mybatis-paginator/1.2.15/mybatis-paginator-1.2.15.jar:/Users/chenying/.m2/repository/org/mybatis/mybatis/3.1.0/mybatis-3.1.0.jar:/Users/chenying/.m2/repository/org/projectlombok/lombok/1.16.22/lombok-1.16.22.jar:/Users/chenying/.m2/repository/org/slf4j/slf4j-api/1.7.25/slf4j-api-1.7.25.jar:/Users/chenying/.m2/repository/commons-codec/commons-codec/1.10/commons-codec-1.10.jar:/Users/chenying/gitCode/athen/module/base/athen-base-config/athen-config-client/target/athen-config-client-0.0.1-SNAPSHOT.jar:/Users/chenying/gitCode/athen/module/base/athen-base-exception/target/athen-base-exception-0.0.1-SNAPSHOT.jar:/Users/chenying/.m2/repository/org/springframework/cloud/spring-cloud-starter-config/2.0.5.RELEASE/spring-cloud-starter-config-2.0.5.RELEASE.jar:/Users/chenying/.m2/repository/org/springframework/cloud/spring-cloud-starter/2.0.4.RELEASE/spring-cloud-starter-2.0.4.RELEASE.jar:/Users/chenying/.m2/repository/org/springframework/cloud/spring-cloud-context/2.0.4.RELEASE/spring-cloud-context-2.0.4.RELEASE.jar:/Users/chenying/.m2/repository/org/springframework/security/spring-security-crypto/5.0.11.RELEASE/spring-security-crypto-5.0.11.RELEASE.jar:/Users/chenying/.m2/repository/org/springframework/cloud/spring-cloud-commons/2.0.4.RELEASE/spring-cloud-commons-2.0.4.RELEASE.jar:/Users/chenying/.m2/repository/org/springframework/security/spring-security-rsa/1.0.7.RELEASE/spring-security-rsa-1.0.7.RELEASE.jar:/Users/chenying/.m2/repository/org/bouncycastle/bcpkix-jdk15on/1.60/bcpkix-jdk15on-1.60.jar:/Users/chenying/.m2/repository/org/bouncycastle/bcprov-jdk15on/1.60/bcprov-jdk15on-1.60.jar:/Users/chenying/.m2/repository/org/springframework/cloud/spring-cloud-config-client/2.0.5.RELEASE/spring-cloud-config-client-2.0.5.RELEASE.jar:/Users/chenying/.m2/repository/org/springframework/spring-web/5.0.12.RELEASE/spring-web-5.0.12.RELEASE.jar:/Users/chenying/.m2/repository/com/fasterxml/jackson/core/jackson-databind/2.9.8/jackson-databind-2.9.8.jar:/Users/chenying/.m2/repository/com/fasterxml/jackson/core/jackson-annotations/2.9.0/jackson-annotations-2.9.0.jar:/Users/chenying/.m2/repository/com/fasterxml/jackson/core/jackson-core/2.9.8/jackson-core-2.9.8.jar:/Users/chenying/.m2/repository/org/springframework/boot/spring-boot-starter-data-redis/2.0.8.RELEASE/spring-boot-starter-data-redis-2.0.8.RELEASE.jar:/Users/chenying/.m2/repository/org/springframework/boot/spring-boot-starter/2.0.8.RELEASE/spring-boot-starter-2.0.8.RELEASE.jar:/Users/chenying/.m2/repository/org/springframework/boot/spring-boot/2.0.8.RELEASE/spring-boot-2.0.8.RELEASE.jar:/Users/chenying/.m2/repository/org/springframework/spring-context/5.0.12.RELEASE/spring-context-5.0.12.RELEASE.jar:/Users/chenying/.m2/repository/org/springframework/spring-expression/5.0.12.RELEASE/spring-expression-5.0.12.RELEASE.jar:/Users/chenying/.m2/repository/org/springframework/boot/spring-boot-autoconfigure/2.0.8.RELEASE/spring-boot-autoconfigure-2.0.8.RELEASE.jar:/Users/chenying/.m2/repository/org/springframework/boot/spring-boot-starter-logging/2.0.8.RELEASE/spring-boot-starter-logging-2.0.8.RELEASE.jar:/Users/chenying/.m2/repository/ch/qos/logback/logback-classic/1.2.3/logback-classic-1.2.3.jar:/Users/chenying/.m2/repository/ch/qos/logback/logback-core/1.2.3/logback-core-1.2.3.jar:/Users/chenying/.m2/repository/org/apache/logging/log4j/log4j-to-slf4j/2.10.0/log4j-to-slf4j-2.10.0.jar:/Users/chenying/.m2/repository/org/apache/logging/log4j/log4j-api/2.10.0/log4j-api-2.10.0.jar:/Users/chenying/.m2/repository/org/slf4j/jul-to-slf4j/1.7.25/jul-to-slf4j-1.7.25.jar:/Users/chenying/.m2/repository/javax/annotation/javax.annotation-api/1.3.2/javax.annotation-api-1.3.2.jar:/Users/chenying/.m2/repository/org/springframework/spring-core/5.0.12.RELEASE/spring-core-5.0.12.RELEASE.jar:/Users/chenying/.m2/repository/org/springframework/spring-jcl/5.0.12.RELEASE/spring-jcl-5.0.12.RELEASE.jar:/Users/chenying/.m2/repository/org/yaml/snakeyaml/1.19/snakeyaml-1.19.jar:/Users/chenying/.m2/repository/org/springframework/data/spring-data-redis/2.0.13.RELEASE/spring-data-redis-2.0.13.RELEASE.jar:/Users/chenying/.m2/repository/org/springframework/data/spring-data-keyvalue/2.0.13.RELEASE/spring-data-keyvalue-2.0.13.RELEASE.jar:/Users/chenying/.m2/repository/org/springframework/data/spring-data-commons/2.0.13.RELEASE/spring-data-commons-2.0.13.RELEASE.jar:/Users/chenying/.m2/repository/org/springframework/spring-tx/5.0.12.RELEASE/spring-tx-5.0.12.RELEASE.jar:/Users/chenying/.m2/repository/org/springframework/spring-beans/5.0.12.RELEASE/spring-beans-5.0.12.RELEASE.jar:/Users/chenying/.m2/repository/org/springframework/spring-oxm/5.0.12.RELEASE/spring-oxm-5.0.12.RELEASE.jar:/Users/chenying/.m2/repository/org/springframework/spring-aop/5.0.12.RELEASE/spring-aop-5.0.12.RELEASE.jar:/Users/chenying/.m2/repository/org/springframework/spring-context-support/5.0.12.RELEASE/spring-context-support-5.0.12.RELEASE.jar:/Users/chenying/.m2/repository/io/lettuce/lettuce-core/5.0.5.RELEASE/lettuce-core-5.0.5.RELEASE.jar:/Users/chenying/.m2/repository/io/projectreactor/reactor-core/3.1.14.RELEASE/reactor-core-3.1.14.RELEASE.jar:/Users/chenying/.m2/repository/org/reactivestreams/reactive-streams/1.0.2/reactive-streams-1.0.2.jar:/Users/chenying/.m2/repository/io/netty/netty-common/4.1.31.Final/netty-common-4.1.31.Final.jar:/Users/chenying/.m2/repository/io/netty/netty-transport/4.1.31.Final/netty-transport-4.1.31.Final.jar:/Users/chenying/.m2/repository/io/netty/netty-buffer/4.1.31.Final/netty-buffer-4.1.31.Final.jar:/Users/chenying/.m2/repository/io/netty/netty-resolver/4.1.31.Final/netty-resolver-4.1.31.Final.jar:/Users/chenying/.m2/repository/io/netty/netty-handler/4.1.31.Final/netty-handler-4.1.31.Final.jar:/Users/chenying/.m2/repository/io/netty/netty-codec/4.1.31.Final/netty-codec-4.1.31.Final.jar:/Users/chenying/.m2/repository/redis/clients/jedis/2.9.1/jedis-2.9.1.jar:/Users/chenying/.m2/repository/org/apache/commons/commons-pool2/2.5.0/commons-pool2-2.5.0.jar:"/>
    <property name="sun.cpu.endian" value="little"/>
    <property name="user.home" value="/Users/chenying"/>
    <property name="user.language" value="zh"/>
    <property name="java.specification.vendor" value="Oracle Corporation"/>
    <property name="java.home" value="/Library/Java/JavaVirtualMachines/jdk1.8.0_211.jdk/Contents/Home/jre"/>
    <property name="basedir" value="/Users/chenying/gitCode/athen/module/base/athen-base-redis"/>
    <property name="file.separator" value="/"/>
    <property name="line.separator" value="&#10;"/>
    <property name="java.vm.specification.vendor" value="Oracle Corporation"/>
    <property name="java.specification.name" value="Java Platform API Specification"/>
    <property name="java.awt.graphicsenv" value="sun.awt.CGraphicsEnvironment"/>
    <property name="surefire.real.class.path" value="/Users/chenying/gitCode/athen/module/base/athen-base-redis/target/surefire/surefirebooter8691148622764574641.jar"/>
    <property name="sun.boot.class.path" value="/Library/Java/JavaVirtualMachines/jdk1.8.0_211.jdk/Contents/Home/jre/lib/resources.jar:/Library/Java/JavaVirtualMachines/jdk1.8.0_211.jdk/Contents/Home/jre/lib/rt.jar:/Library/Java/JavaVirtualMachines/jdk1.8.0_211.jdk/Contents/Home/jre/lib/sunrsasign.jar:/Library/Java/JavaVirtualMachines/jdk1.8.0_211.jdk/Contents/Home/jre/lib/jsse.jar:/Library/Java/JavaVirtualMachines/jdk1.8.0_211.jdk/Contents/Home/jre/lib/jce.jar:/Library/Java/JavaVirtualMachines/jdk1.8.0_211.jdk/Contents/Home/jre/lib/charsets.jar:/Library/Java/JavaVirtualMachines/jdk1.8.0_211.jdk/Contents/Home/jre/lib/jfr.jar:/Library/Java/JavaVirtualMachines/jdk1.8.0_211.jdk/Contents/Home/jre/classes"/>
    <property name="sun.management.compiler" value="HotSpot 64-Bit Tiered Compilers"/>
    <property name="ftp.nonProxyHosts" value="local|*.local|169.254/16|*.169.254/16"/>
    <property name="java.runtime.version" value="1.8.0_211-b12"/>
    <property name="user.name" value="chenying"/>
    <property name="path.separator" value=":"/>
    <property name="os.version" value="10.14.3"/>
    <property name="java.endorsed.dirs" value="/Library/Java/JavaVirtualMachines/jdk1.8.0_211.jdk/Contents/Home/jre/lib/endorsed"/>
    <property name="java.runtime.name" value="Java(TM) SE Runtime Environment"/>
    <property name="file.encoding" value="UTF-8"/>
    <property name="java.vm.name" value="Java HotSpot(TM) 64-Bit Server VM"/>
    <property name="localRepository" value="/Users/chenying/.m2/repository"/>
    <property name="java.vendor.url.bug" value="http://bugreport.sun.com/bugreport/"/>
    <property name="java.io.tmpdir" value="/var/folders/by/h62dzrzd63q_bq_zqhndckhw0000gn/T/"/>
    <property name="java.version" value="1.8.0_211"/>
    <property name="user.dir" value="/Users/chenying/gitCode/athen/module/base/athen-base-redis"/>
    <property name="os.arch" value="x86_64"/>
    <property name="java.vm.specification.name" value="Java Virtual Machine Specification"/>
    <property name="java.awt.printerjob" value="sun.lwawt.macosx.CPrinterJob"/>
    <property name="idea.version2019.1.3" value="true"/>
    <property name="sun.os.patch.level" value="unknown"/>
    <property name="java.library.path" value="/Users/chenying/Library/Java/Extensions:/Library/Java/Extensions:/Network/Library/Java/Extensions:/System/Library/Java/Extensions:/usr/lib/java:."/>
    <property name="java.vm.info" value="mixed mode"/>
    <property name="java.vendor" value="Oracle Corporation"/>
    <property name="java.vm.version" value="25.211-b12"/>
    <property name="java.ext.dirs" value="/Users/chenying/Library/Java/Extensions:/Library/Java/JavaVirtualMachines/jdk1.8.0_211.jdk/Contents/Home/jre/lib/ext:/Library/Java/Extensions:/Network/Library/Java/Extensions:/System/Library/Java/Extensions:/usr/lib/java"/>
    <property name="sun.io.unicode.encoding" value="UnicodeBig"/>
    <property name="java.class.version" value="52.0"/>
    <property name="socksNonProxyHosts" value="local|*.local|169.254/16|*.169.254/16"/>
  </properties>
  <testcase name="shouldAnswerWithTrue" classname="com.athen.AppTest" time="0"/>
</testsuite>